  [1m[36m (1.9ms)[0m  [1mCREATE TABLE "schema_migrations" ("version" varchar(255) NOT NULL) [0m
  [1m[35m (1.4ms)[0m  CREATE UNIQUE INDEX "unique_schema_migrations" ON "schema_migrations" ("version")
  [1m[36mActiveRecord::SchemaMigration Load (0.1ms)[0m  [1mSELECT "schema_migrations".* FROM "schema_migrations"[0m


Started GET "/error_page" for 127.0.0.1 at 2013-06-11 11:27:37 +0200

ActionController::RoutingError (No route matches [GET] "/error_page"):
  actionpack (4.0.0.rc1) lib/action_dispatch/middleware/debug_exceptions.rb:21:in `call'
  actionpack (4.0.0.rc1) lib/action_dispatch/middleware/show_exceptions.rb:30:in `call'
  railties (4.0.0.rc1) lib/rails/rack/logger.rb:38:in `call_app'
  railties (4.0.0.rc1) lib/rails/rack/logger.rb:21:in `block in call'
  activesupport (4.0.0.rc1) lib/active_support/tagged_logging.rb:67:in `block in tagged'
  activesupport (4.0.0.rc1) lib/active_support/tagged_logging.rb:25:in `tagged'
  activesupport (4.0.0.rc1) lib/active_support/tagged_logging.rb:67:in `tagged'
  railties (4.0.0.rc1) lib/rails/rack/logger.rb:21:in `call'
  actionpack (4.0.0.rc1) lib/action_dispatch/middleware/request_id.rb:21:in `call'
  rack (1.5.2) lib/rack/methodoverride.rb:21:in `call'
  rack (1.5.2) lib/rack/runtime.rb:17:in `call'
  activesupport (4.0.0.rc1) lib/active_support/cache/strategy/local_cache.rb:83:in `call'
  rack (1.5.2) lib/rack/lock.rb:17:in `call'
  actionpack (4.0.0.rc1) lib/action_dispatch/middleware/static.rb:64:in `call'
  railties (4.0.0.rc1) lib/rails/engine.rb:511:in `call'
  railties (4.0.0.rc1) lib/rails/application.rb:96:in `call'
  rack (1.5.2) lib/rack/lock.rb:17:in `call'
  rack (1.5.2) lib/rack/content_length.rb:14:in `call'
  rack (1.5.2) lib/rack/handler/webrick.rb:60:in `service'
  /Users/asiel/.rvm/rubies/ruby-1.9.3-p429/lib/ruby/1.9.1/webrick/httpserver.rb:138:in `service'
  /Users/asiel/.rvm/rubies/ruby-1.9.3-p429/lib/ruby/1.9.1/webrick/httpserver.rb:94:in `run'
  /Users/asiel/.rvm/rubies/ruby-1.9.3-p429/lib/ruby/1.9.1/webrick/server.rb:191:in `block in start_thread'


  Rendered /Users/asiel/.rvm/gems/ruby-1.9.3-p429/gems/actionpack-4.0.0.rc1/lib/action_dispatch/middleware/templates/rescues/_trace.erb (2.2ms)
  Rendered /Users/asiel/.rvm/gems/ruby-1.9.3-p429/gems/actionpack-4.0.0.rc1/lib/action_dispatch/middleware/templates/routes/_table.html.erb (25.2ms)
  Rendered /Users/asiel/.rvm/gems/ruby-1.9.3-p429/gems/actionpack-4.0.0.rc1/lib/action_dispatch/middleware/templates/rescues/routing_error.erb within rescues/layout (45.6ms)
